<?xml version="1.0" encoding="utf-8"?>
<?AutomationStudio Version="4.11.2.75"?>
<Objects>
  <Object
    Path="C:\Projects\Loupe\ErrorLib\example\AsProject\ErrorProg\Logical\Package.pkg"
    LogicalPath=""
    Type="Package.ParentUnknown"
    LastWriteTime="133432348279160338" />
  <Object
    Path="C:\Projects\Loupe\ErrorLib\example\AsProject\ErrorProg\Logical\Global.typ"
    LogicalPath="Global.typ"
    Type="File"
    LastWriteTime="133432342675721327"
    Private="false" />
  <Object
    Path="C:\Projects\Loupe\ErrorLib\example\AsProject\ErrorProg\Logical\Global.var"
    LogicalPath="Global.var"
    Type="File"
    LastWriteTime="133432342675875559"
    Private="false" />
  <Object
    Path="C:\Projects\Loupe\ErrorLib\example\AsProject\ErrorProg\Logical\Libraries\Package.pkg"
    LogicalPath="Libraries"
    Type="Package"
    LastWriteTime="133432371016232662" />
  <Object
    Path="C:\Projects\Loupe\ErrorLib\example\AsProject\ErrorProg\Logical\Libraries\operator\binary.lby"
    LogicalPath="Libraries.operator"
    Type="Library"
    LastWriteTime="133432342748540042" />
  <Object
    Path="C:\Projects\Loupe\ErrorLib\example\AsProject\ErrorProg\Logical\Libraries\operator\operator.fun"
    LogicalPath="Libraries.operator.operator.fun"
    Type="File"
    LastWriteTime="133432342748383086"
    Private="false" />
  <Object
    Path="C:\Projects\Loupe\ErrorLib\example\AsProject\ErrorProg\Logical\Libraries\operator\operator.typ"
    LogicalPath="Libraries.operator.operator.typ"
    Type="File"
    LastWriteTime="133432342748383086"
    Private="false" />
  <Object
    Path="C:\Projects\Loupe\ErrorLib\example\AsProject\ErrorProg\Logical\Libraries\operator\operator.var"
    LogicalPath="Libraries.operator.operator.var"
    Type="File"
    LastWriteTime="133432342748540042"
    Private="false" />
  <Object
    Path="C:\Projects\Loupe\ErrorLib\example\AsProject\ErrorProg\Logical\Libraries\runtime\binary.lby"
    LogicalPath="Libraries.runtime"
    Type="Library"
    LastWriteTime="133432342753693956" />
  <Object
    Path="C:\Projects\Loupe\ErrorLib\example\AsProject\ErrorProg\Logical\Libraries\runtime\runtime.fun"
    LogicalPath="Libraries.runtime.runtime.fun"
    Type="File"
    LastWriteTime="133432342753693956"
    Private="false" />
  <Object
    Path="C:\Projects\Loupe\ErrorLib\example\AsProject\ErrorProg\Logical\Libraries\runtime\runtime.typ"
    LogicalPath="Libraries.runtime.runtime.typ"
    Type="File"
    LastWriteTime="133432342753693956"
    Private="false" />
  <Object
    Path="C:\Projects\Loupe\ErrorLib\example\AsProject\ErrorProg\Logical\Libraries\runtime\runtime.var"
    LogicalPath="Libraries.runtime.runtime.var"
    Type="File"
    LastWriteTime="133432342753693956"
    Private="false" />
  <Object
    Path="C:\Projects\Loupe\ErrorLib\example\AsProject\ErrorProg\Logical\Libraries\astime\binary.lby"
    LogicalPath="Libraries.astime"
    Type="Library"
    LastWriteTime="133432342758224910" />
  <Object
    Path="C:\Projects\Loupe\ErrorLib\example\AsProject\ErrorProg\Logical\Libraries\astime\astime.fun"
    LogicalPath="Libraries.astime.astime.fun"
    Type="File"
    LastWriteTime="133432342758072092"
    Private="false" />
  <Object
    Path="C:\Projects\Loupe\ErrorLib\example\AsProject\ErrorProg\Logical\Libraries\astime\astime.typ"
    LogicalPath="Libraries.astime.astime.typ"
    Type="File"
    LastWriteTime="133432342758072092"
    Private="false" />
  <Object
    Path="C:\Projects\Loupe\ErrorLib\example\AsProject\ErrorProg\Logical\Libraries\astime\astime.var"
    LogicalPath="Libraries.astime.astime.var"
    Type="File"
    LastWriteTime="133432342758224910"
    Private="false" />
  <Object
    Path="C:\Projects\Loupe\ErrorLib\example\AsProject\ErrorProg\Logical\Libraries\AsIecCon\binary.lby"
    LogicalPath="Libraries.AsIecCon"
    Type="Library"
    LastWriteTime="133432342763696175" />
  <Object
    Path="C:\Projects\Loupe\ErrorLib\example\AsProject\ErrorProg\Logical\Libraries\AsIecCon\AsIecCon.fun"
    LogicalPath="Libraries.AsIecCon.AsIecCon.fun"
    Type="File"
    LastWriteTime="133432342763696175"
    Private="false" />
  <Object
    Path="C:\Projects\Loupe\ErrorLib\example\AsProject\ErrorProg\Logical\Libraries\AsIecCon\AsIecCon.typ"
    LogicalPath="Libraries.AsIecCon.AsIecCon.typ"
    Type="File"
    LastWriteTime="133432342763696175"
    Private="false" />
  <Object
    Path="C:\Projects\Loupe\ErrorLib\example\AsProject\ErrorProg\Logical\Libraries\AsIecCon\AsIecCon.var"
    LogicalPath="Libraries.AsIecCon.AsIecCon.var"
    Type="File"
    LastWriteTime="133432342763696175"
    Private="false" />
  <Object
    Path="C:\Projects\Loupe\ErrorLib\example\AsProject\ErrorProg\Logical\Libraries\sys_lib\binary.lby"
    LogicalPath="Libraries.sys_lib"
    Type="Library"
    LastWriteTime="133432344160198277" />
  <Object
    Path="C:\Projects\Loupe\ErrorLib\example\AsProject\ErrorProg\Logical\Libraries\sys_lib\sys_lib.fun"
    LogicalPath="Libraries.sys_lib.sys_lib.fun"
    Type="File"
    LastWriteTime="133432344160198277"
    Private="false" />
  <Object
    Path="C:\Projects\Loupe\ErrorLib\example\AsProject\ErrorProg\Logical\Libraries\sys_lib\sys_lib.typ"
    LogicalPath="Libraries.sys_lib.sys_lib.typ"
    Type="File"
    LastWriteTime="133432344160198277"
    Private="false" />
  <Object
    Path="C:\Projects\Loupe\ErrorLib\example\AsProject\ErrorProg\Logical\Libraries\sys_lib\sys_lib.var"
    LogicalPath="Libraries.sys_lib.sys_lib.var"
    Type="File"
    LastWriteTime="133432344160198277"
    Private="false" />
  <Object
    Path="C:\Projects\Loupe\ErrorLib\example\AsProject\ErrorProg\Logical\Libraries\AsBrStr\binary.lby"
    LogicalPath="Libraries.AsBrStr"
    Type="Library"
    LastWriteTime="133432344160663007" />
  <Object
    Path="C:\Projects\Loupe\ErrorLib\example\AsProject\ErrorProg\Logical\Libraries\AsBrStr\AsBrStr.fun"
    LogicalPath="Libraries.AsBrStr.AsBrStr.fun"
    Type="File"
    LastWriteTime="133432344160663007"
    Private="false" />
  <Object
    Path="C:\Projects\Loupe\ErrorLib\example\AsProject\ErrorProg\Logical\Libraries\AsBrStr\AsBrStr.typ"
    LogicalPath="Libraries.AsBrStr.AsBrStr.typ"
    Type="File"
    LastWriteTime="133432344160663007"
    Private="false" />
  <Object
    Path="C:\Projects\Loupe\ErrorLib\example\AsProject\ErrorProg\Logical\Libraries\AsBrStr\AsBrStr.var"
    LogicalPath="Libraries.AsBrStr.AsBrStr.var"
    Type="File"
    LastWriteTime="133432344160663007"
    Private="false" />
  <Object
    Path="C:\Projects\Loupe\ErrorLib\example\AsProject\ErrorProg\Logical\Libraries\ArEventLog\binary.lby"
    LogicalPath="Libraries.ArEventLog"
    Type="Library"
    LastWriteTime="133432358928058979" />
  <Object
    Path="C:\Projects\Loupe\ErrorLib\example\AsProject\ErrorProg\Logical\Libraries\ArEventLog\ArEventLog.fun"
    LogicalPath="Libraries.ArEventLog.ArEventLog.fun"
    Type="File"
    LastWriteTime="133432358927903441"
    Private="false" />
  <Object
    Path="C:\Projects\Loupe\ErrorLib\example\AsProject\ErrorProg\Logical\Libraries\ArEventLog\ArEventLog.typ"
    LogicalPath="Libraries.ArEventLog.ArEventLog.typ"
    Type="File"
    LastWriteTime="133432358927903441"
    Private="false" />
  <Object
    Path="C:\Projects\Loupe\ErrorLib\example\AsProject\ErrorProg\Logical\Libraries\ArEventLog\ArEventLog.var"
    LogicalPath="Libraries.ArEventLog.ArEventLog.var"
    Type="File"
    LastWriteTime="133432358928058979"
    Private="false" />
  <Object
    Path="C:\Projects\Loupe\ErrorLib\example\AsProject\ErrorProg\Logical\Libraries\FileIO\binary.lby"
    LogicalPath="Libraries.FileIO"
    Type="Library"
    LastWriteTime="133432366028922897" />
  <Object
    Path="C:\Projects\Loupe\ErrorLib\example\AsProject\ErrorProg\Logical\Libraries\FileIO\FileIO.fun"
    LogicalPath="Libraries.FileIO.FileIO.fun"
    Type="File"
    LastWriteTime="133432366028765556"
    Private="false" />
  <Object
    Path="C:\Projects\Loupe\ErrorLib\example\AsProject\ErrorProg\Logical\Libraries\FileIO\FileIO.typ"
    LogicalPath="Libraries.FileIO.FileIO.typ"
    Type="File"
    LastWriteTime="133432366028922897"
    Private="false" />
  <Object
    Path="C:\Projects\Loupe\ErrorLib\example\AsProject\ErrorProg\Logical\Libraries\FileIO\FileIO.var"
    LogicalPath="Libraries.FileIO.FileIO.var"
    Type="File"
    LastWriteTime="133432366028922897"
    Private="false" />
  <Object
    Path="C:\Projects\Loupe\ErrorLib\example\AsProject\ErrorProg\Logical\Libraries\standard\binary.lby"
    LogicalPath="Libraries.standard"
    Type="Library"
    LastWriteTime="133432368817740268" />
  <Object
    Path="C:\Projects\Loupe\ErrorLib\example\AsProject\ErrorProg\Logical\Libraries\standard\standard.fun"
    LogicalPath="Libraries.standard.standard.fun"
    Type="File"
    LastWriteTime="133432368817587937"
    Private="false" />
  <Object
    Path="C:\Projects\Loupe\ErrorLib\example\AsProject\ErrorProg\Logical\Libraries\standard\standard.typ"
    LogicalPath="Libraries.standard.standard.typ"
    Type="File"
    LastWriteTime="133432368817587937"
    Private="false" />
  <Object
    Path="C:\Projects\Loupe\ErrorLib\example\AsProject\ErrorProg\Logical\Libraries\standard\standard.var"
    LogicalPath="Libraries.standard.standard.var"
    Type="File"
    LastWriteTime="133432368817740268"
    Private="false" />
  <Object
    Path="C:\Projects\Loupe\ErrorLib\example\AsProject\ErrorProg\Logical\Libraries\AsArLog\binary.lby"
    LogicalPath="Libraries.AsArLog"
    Type="Library"
    LastWriteTime="133432370433876026" />
  <Object
    Path="C:\Projects\Loupe\ErrorLib\example\AsProject\ErrorProg\Logical\Libraries\AsArLog\AsArLog.fun"
    LogicalPath="Libraries.AsArLog.AsArLog.fun"
    Type="File"
    LastWriteTime="133432370433876026"
    Private="false" />
  <Object
    Path="C:\Projects\Loupe\ErrorLib\example\AsProject\ErrorProg\Logical\Libraries\AsArLog\AsArLog.typ"
    LogicalPath="Libraries.AsArLog.AsArLog.typ"
    Type="File"
    LastWriteTime="133432370433876026"
    Private="false" />
  <Object
    Path="C:\Projects\Loupe\ErrorLib\example\AsProject\ErrorProg\Logical\Libraries\AsArLog\AsArLog.var"
    LogicalPath="Libraries.AsArLog.AsArLog.var"
    Type="File"
    LastWriteTime="133432370433876026"
    Private="false" />
  <Object
    Path="C:\Projects\Loupe\ErrorLib\example\AsProject\ErrorProg\Logical\Libraries\AsBrWStr\binary.lby"
    LogicalPath="Libraries.AsBrWStr"
    Type="Library"
    LastWriteTime="133432371016079553" />
  <Object
    Path="C:\Projects\Loupe\ErrorLib\example\AsProject\ErrorProg\Logical\Libraries\AsBrWStr\AsBrWStr.fun"
    LogicalPath="Libraries.AsBrWStr.AsBrWStr.fun"
    Type="File"
    LastWriteTime="133432371016079553"
    Private="false" />
  <Object
    Path="C:\Projects\Loupe\ErrorLib\example\AsProject\ErrorProg\Logical\Libraries\AsBrWStr\AsBrWStr.typ"
    LogicalPath="Libraries.AsBrWStr.AsBrWStr.typ"
    Type="File"
    LastWriteTime="133432371016079553"
    Private="false" />
  <Object
    Path="C:\Projects\Loupe\ErrorLib\example\AsProject\ErrorProg\Logical\Libraries\AsBrWStr\AsBrWStr.var"
    LogicalPath="Libraries.AsBrWStr.AsBrWStr.var"
    Type="File"
    LastWriteTime="133432371016079553"
    Private="false" />
  <Object
    Path="C:\Projects\Loupe\ErrorLib\example\AsProject\ErrorProg\Logical\Libraries\Loupe\Package.pkg"
    LogicalPath="Libraries.Loupe"
    Type="Package"
    LastWriteTime="133432361797690211" />
  <Object
    Path="C:\Projects\Loupe\ErrorLib\src\Ar\ErrorLib\ANSIC.lby"
    LogicalPath="Libraries.Loupe.ErrorLib"
    Type="Library"
    LastWriteTime="133422958790821846" />
  <Object
    Path="C:\Projects\Loupe\ErrorLib\src\Ar\ErrorLib\ErrorLib.html"
    LogicalPath="Libraries.Loupe.ErrorLib.ErrorLib.html"
    Type="File"
    LastWriteTime="133422958790976964"
    Private="false" />
  <Object
    Path="C:\Projects\Loupe\ErrorLib\src\Ar\ErrorLib\ErrorLib.md"
    LogicalPath="Libraries.Loupe.ErrorLib.ErrorLib.md"
    Type="File"
    LastWriteTime="133422958790976964"
    Private="false" />
  <Object
    Path="C:\Projects\Loupe\ErrorLib\src\Ar\ErrorLib\ErrorLibOverview.graffle"
    LogicalPath="Libraries.Loupe.ErrorLib.ErrorLibOverview.graffle"
    Type="File"
    LastWriteTime="133422958790976964"
    Private="false" />
  <Object
    Path="C:\Projects\Loupe\ErrorLib\src\Ar\ErrorLib\ErrorLibOverview.png"
    LogicalPath="Libraries.Loupe.ErrorLib.ErrorLibOverview.png"
    Type="File"
    LastWriteTime="133422958790976964"
    Private="false" />
  <Object
    Path="C:\Projects\Loupe\ErrorLib\src\Ar\ErrorLib\VersionHistory.txt"
    LogicalPath="Libraries.Loupe.ErrorLib.VersionHistory.txt"
    Type="File"
    LastWriteTime="133422958791133818"
    Private="false" />
  <Object
    Path="C:\Projects\Loupe\ErrorLib\src\Ar\ErrorLib\ErrorLib.typ"
    LogicalPath="Libraries.Loupe.ErrorLib.ErrorLib.typ"
    Type="File"
    LastWriteTime="133422958790976964"
    Private="false" />
  <Object
    Path="C:\Projects\Loupe\ErrorLib\src\Ar\ErrorLib\ErrorLib.var"
    LogicalPath="Libraries.Loupe.ErrorLib.ErrorLib.var"
    Type="File"
    LastWriteTime="133422958790976964"
    Private="false" />
  <Object
    Path="C:\Projects\Loupe\ErrorLib\src\Ar\ErrorLib\ErrorLib.fun"
    LogicalPath="Libraries.Loupe.ErrorLib.ErrorLib.fun"
    Type="File"
    LastWriteTime="133422958790976964"
    Private="false" />
  <Object
    Path="C:\Projects\Loupe\ErrorLib\src\Ar\ErrorLib\ErrorLib_enum.typ"
    LogicalPath="Libraries.Loupe.ErrorLib.ErrorLib_enum.typ"
    Type="File"
    LastWriteTime="133422958790976964"
    Private="false" />
  <Object
    Path="C:\Projects\Loupe\ErrorLib\src\Ar\ErrorLib\ErrorCollector.typ"
    LogicalPath="Libraries.Loupe.ErrorLib.ErrorCollector.typ"
    Type="File"
    LastWriteTime="133422958790821846"
    Private="false" />
  <Object
    Path="C:\Projects\Loupe\ErrorLib\src\Ar\ErrorLib\errcolAddSourceByAddress.c"
    LogicalPath="Libraries.Loupe.ErrorLib.errcolAddSourceByAddress.c"
    Type="File"
    LastWriteTime="133422958791133818"
    Private="false" />
  <Object
    Path="C:\Projects\Loupe\ErrorLib\src\Ar\ErrorLib\errcolAddSourceByName.c"
    LogicalPath="Libraries.Loupe.ErrorLib.errcolAddSourceByName.c"
    Type="File"
    LastWriteTime="133422958791133818"
    Private="false" />
  <Object
    Path="C:\Projects\Loupe\ErrorLib\src\Ar\ErrorLib\errcolAddError.c"
    LogicalPath="Libraries.Loupe.ErrorLib.errcolAddError.c"
    Type="File"
    LastWriteTime="133422958791133818"
    Private="false" />
  <Object
    Path="C:\Projects\Loupe\ErrorLib\src\Ar\ErrorLib\errcolAcknowledge.c"
    LogicalPath="Libraries.Loupe.ErrorLib.errcolAcknowledge.c"
    Type="File"
    LastWriteTime="133422958791133818"
    Private="false" />
  <Object
    Path="C:\Projects\Loupe\ErrorLib\src\Ar\ErrorLib\ErrorCollectorFn_Init.c"
    LogicalPath="Libraries.Loupe.ErrorLib.ErrorCollectorFn_Init.c"
    Type="File"
    LastWriteTime="133422958790821846"
    Private="false" />
  <Object
    Path="C:\Projects\Loupe\ErrorLib\src\Ar\ErrorLib\ErrorCollectorFn_Cyclic.c"
    LogicalPath="Libraries.Loupe.ErrorLib.ErrorCollectorFn_Cyclic.c"
    Type="File"
    LastWriteTime="133422958790821846"
    Private="false" />
  <Object
    Path="C:\Projects\Loupe\ErrorLib\src\Ar\ErrorLib\errcolInternalSetError.c"
    LogicalPath="Libraries.Loupe.ErrorLib.errcolInternalSetError.c"
    Type="File"
    LastWriteTime="133422958791133818"
    Private="false" />
  <Object
    Path="C:\Projects\Loupe\ErrorLib\src\Ar\ErrorLib\errcolIntGenerateDisplayString.c"
    LogicalPath="Libraries.Loupe.ErrorLib.errcolIntGenerateDisplayString.c"
    Type="File"
    LastWriteTime="133422958791133818"
    Private="false" />
  <Object
    Path="C:\Projects\Loupe\ErrorLib\src\Ar\ErrorLib\errcolInternalAddError.c"
    LogicalPath="Libraries.Loupe.ErrorLib.errcolInternalAddError.c"
    Type="File"
    LastWriteTime="133422958791133818"
    Private="false" />
  <Object
    Path="C:\Projects\Loupe\ErrorLib\src\Ar\ErrorLib\errcolInternalLogError.c"
    LogicalPath="Libraries.Loupe.ErrorLib.errcolInternalLogError.c"
    Type="File"
    LastWriteTime="133422958791133818"
    Private="false" />
  <Object
    Path="C:\Projects\Loupe\ErrorLib\src\Ar\ErrorLib\errcolInternalLogAcknowledge.c"
    LogicalPath="Libraries.Loupe.ErrorLib.errcolInternalLogAcknowledge.c"
    Type="File"
    LastWriteTime="133422958791133818"
    Private="false" />
  <Object
    Path="C:\Projects\Loupe\ErrorLib\src\Ar\ErrorLib\errcolInternalRemoveError.c"
    LogicalPath="Libraries.Loupe.ErrorLib.errcolInternalRemoveError.c"
    Type="File"
    LastWriteTime="133422958791133818"
    Private="false" />
  <Object
    Path="C:\Projects\Loupe\ErrorLib\src\Ar\ErrorLib\ErrorCollector_HMI.typ"
    LogicalPath="Libraries.Loupe.ErrorLib.ErrorCollector_HMI.typ"
    Type="File"
    LastWriteTime="133422958790976964"
    Private="false" />
  <Object
    Path="C:\Projects\Loupe\ErrorLib\src\Ar\ErrorLib\ErrorCollectorFn_HMI_Cyclic.c"
    LogicalPath="Libraries.Loupe.ErrorLib.ErrorCollectorFn_HMI_Cyclic.c"
    Type="File"
    LastWriteTime="133422958790821846"
    Private="false" />
  <Object
    Path="C:\Projects\Loupe\ErrorLib\src\Ar\ErrorLib\errcolInternalRefreshHMIDisplay.c"
    LogicalPath="Libraries.Loupe.ErrorLib.errcolInternalRefreshHMIDisplay.c"
    Type="File"
    LastWriteTime="133422958791133818"
    Private="false" />
  <Object
    Path="C:\Projects\Loupe\ErrorLib\example\AsProject\ErrorProg\Logical\Libraries\Loupe\piper\Binary.lby"
    LogicalPath="Libraries.Loupe.piper"
    Type="Library"
    LastWriteTime="133432354591493696" />
  <Object
    Path="C:\Projects\Loupe\ErrorLib\example\AsProject\ErrorProg\Logical\Libraries\Loupe\piper\VersionHistory.txt"
    LogicalPath="Libraries.Loupe.piper.VersionHistory.txt"
    Type="File"
    LastWriteTime="133432354591493696"
    Private="false" />
  <Object
    Path="C:\Projects\Loupe\ErrorLib\example\AsProject\ErrorProg\Logical\Libraries\Loupe\piper\Piper.typ"
    LogicalPath="Libraries.Loupe.piper.Piper.typ"
    Type="File"
    LastWriteTime="133432354591650669"
    Private="false" />
  <Object
    Path="C:\Projects\Loupe\ErrorLib\example\AsProject\ErrorProg\Logical\Libraries\Loupe\piper\Piper.var"
    LogicalPath="Libraries.Loupe.piper.Piper.var"
    Type="File"
    LastWriteTime="133432354591650669"
    Private="false" />
  <Object
    Path="C:\Projects\Loupe\ErrorLib\example\AsProject\ErrorProg\Logical\Libraries\Loupe\piper\Piper.fun"
    LogicalPath="Libraries.Loupe.piper.Piper.fun"
    Type="File"
    LastWriteTime="133432354591180622"
    Private="false" />
  <Object
    Path="C:\Projects\Loupe\ErrorLib\example\AsProject\ErrorProg\Logical\Libraries\Loupe\hmitools\Binary.lby"
    LogicalPath="Libraries.Loupe.hmitools"
    Type="Library"
    LastWriteTime="133432361794253184" />
  <Object
    Path="C:\Projects\Loupe\ErrorLib\example\AsProject\ErrorProg\Logical\Libraries\Loupe\hmitools\HMITools.html"
    LogicalPath="Libraries.Loupe.hmitools.HMITools.html"
    Type="File"
    LastWriteTime="133432361794253184"
    Private="false" />
  <Object
    Path="C:\Projects\Loupe\ErrorLib\example\AsProject\ErrorProg\Logical\Libraries\Loupe\hmitools\HMITools.md"
    LogicalPath="Libraries.Loupe.hmitools.HMITools.md"
    Type="File"
    LastWriteTime="133432361794410763"
    Private="false" />
  <Object
    Path="C:\Projects\Loupe\ErrorLib\example\AsProject\ErrorProg\Logical\Libraries\Loupe\hmitools\VersionHistory.txt"
    LogicalPath="Libraries.Loupe.hmitools.VersionHistory.txt"
    Type="File"
    LastWriteTime="133432361794564628"
    Private="false" />
  <Object
    Path="C:\Projects\Loupe\ErrorLib\example\AsProject\ErrorProg\Logical\Libraries\Loupe\hmitools\Coffee_Machine.png"
    LogicalPath="Libraries.Loupe.hmitools.Coffee_Machine.png"
    Type="File"
    LastWriteTime="133432361794410763"
    Private="false" />
  <Object
    Path="C:\Projects\Loupe\ErrorLib\example\AsProject\ErrorProg\Logical\Libraries\Loupe\hmitools\HMITools.typ"
    LogicalPath="Libraries.Loupe.hmitools.HMITools.typ"
    Type="File"
    LastWriteTime="133432361794720087"
    Private="false" />
  <Object
    Path="C:\Projects\Loupe\ErrorLib\example\AsProject\ErrorProg\Logical\Libraries\Loupe\hmitools\HMITools.var"
    LogicalPath="Libraries.Loupe.hmitools.HMITools.var"
    Type="File"
    LastWriteTime="133432361795031639"
    Private="false" />
  <Object
    Path="C:\Projects\Loupe\ErrorLib\example\AsProject\ErrorProg\Logical\Libraries\Loupe\hmitools\HMITools.fun"
    LogicalPath="Libraries.Loupe.hmitools.HMITools.fun"
    Type="File"
    LastWriteTime="133432361794094163"
    Private="false" />
  <Object
    Path="C:\Projects\Loupe\ErrorLib\example\AsProject\ErrorProg\Logical\Libraries\Loupe\hmitools\HMI_Basic.typ"
    LogicalPath="Libraries.Loupe.hmitools.HMI_Basic.typ"
    Type="File"
    LastWriteTime="133432361794720087"
    Private="false" />
  <Object
    Path="C:\Projects\Loupe\ErrorLib\example\AsProject\ErrorProg\Logical\Libraries\Loupe\hmitools\HMI_Basic.var"
    LogicalPath="Libraries.Loupe.hmitools.HMI_Basic.var"
    Type="File"
    LastWriteTime="133432361794878373"
    Private="false" />
  <Object
    Path="C:\Projects\Loupe\ErrorLib\example\AsProject\ErrorProg\Logical\Libraries\Loupe\hmitools\HMI_File_Browse.typ"
    LogicalPath="Libraries.Loupe.hmitools.HMI_File_Browse.typ"
    Type="File"
    LastWriteTime="133432361794720087"
    Private="false" />
  <Object
    Path="C:\Projects\Loupe\ErrorLib\example\AsProject\ErrorProg\Logical\Libraries\Loupe\hmitools\LogViewer.typ"
    LogicalPath="Libraries.Loupe.hmitools.LogViewer.typ"
    Type="File"
    LastWriteTime="133432361794878373"
    Private="false" />
  <Object
    Path="C:\Projects\Loupe\ErrorLib\example\AsProject\ErrorProg\Logical\Libraries\Loupe\hmitools\EditorControl.typ"
    LogicalPath="Libraries.Loupe.hmitools.EditorControl.typ"
    Type="File"
    LastWriteTime="133432361794564628"
    Private="false" />
  <Object
    Path="C:\Projects\Loupe\ErrorLib\example\AsProject\ErrorProg\Logical\Libraries\Loupe\hmitools\HMI_Trend.typ"
    LogicalPath="Libraries.Loupe.hmitools.HMI_Trend.typ"
    Type="File"
    LastWriteTime="133432361794720087"
    Private="false" />
  <Object
    Path="C:\Projects\Loupe\ErrorLib\example\AsProject\ErrorProg\Logical\Libraries\Loupe\hmitools\RecipeMgr.typ"
    LogicalPath="Libraries.Loupe.hmitools.RecipeMgr.typ"
    Type="File"
    LastWriteTime="133432361794878373"
    Private="false" />
  <Object
    Path="C:\Projects\Loupe\ErrorLib\example\AsProject\ErrorProg\Logical\Libraries\Loupe\hmitools\Updater.typ"
    LogicalPath="Libraries.Loupe.hmitools.Updater.typ"
    Type="File"
    LastWriteTime="133432361794878373"
    Private="false" />
  <Object
    Path="C:\Projects\Loupe\ErrorLib\example\AsProject\ErrorProg\Logical\Libraries\Loupe\ringbuflib\Binary.lby"
    LogicalPath="Libraries.Loupe.ringbuflib"
    Type="Library"
    LastWriteTime="133432361794253184" />
  <Object
    Path="C:\Projects\Loupe\ErrorLib\example\AsProject\ErrorProg\Logical\Libraries\Loupe\ringbuflib\RingBufLib.html"
    LogicalPath="Libraries.Loupe.ringbuflib.RingBufLib.html"
    Type="File"
    LastWriteTime="133432361794094163"
    Private="false" />
  <Object
    Path="C:\Projects\Loupe\ErrorLib\example\AsProject\ErrorProg\Logical\Libraries\Loupe\ringbuflib\RingBufLib.md"
    LogicalPath="Libraries.Loupe.ringbuflib.RingBufLib.md"
    Type="File"
    LastWriteTime="133432361794253184"
    Private="false" />
  <Object
    Path="C:\Projects\Loupe\ErrorLib\example\AsProject\ErrorProg\Logical\Libraries\Loupe\ringbuflib\VersionHistory.txt"
    LogicalPath="Libraries.Loupe.ringbuflib.VersionHistory.txt"
    Type="File"
    LastWriteTime="133432361794253184"
    Private="false" />
  <Object
    Path="C:\Projects\Loupe\ErrorLib\example\AsProject\ErrorProg\Logical\Libraries\Loupe\ringbuflib\RingBufLib.typ"
    LogicalPath="Libraries.Loupe.ringbuflib.RingBufLib.typ"
    Type="File"
    LastWriteTime="133432361794410763"
    Private="false" />
  <Object
    Path="C:\Projects\Loupe\ErrorLib\example\AsProject\ErrorProg\Logical\Libraries\Loupe\ringbuflib\RingBufLib.fun"
    LogicalPath="Libraries.Loupe.ringbuflib.RingBufLib.fun"
    Type="File"
    LastWriteTime="133432361793938414"
    Private="false" />
  <Object
    Path="C:\Projects\Loupe\ErrorLib\example\AsProject\ErrorProg\Logical\Libraries\Loupe\logthat\Binary.lby"
    LogicalPath="Libraries.Loupe.logthat"
    Type="Library"
    LastWriteTime="133432354591339092" />
  <Object
    Path="C:\Projects\Loupe\ErrorLib\example\AsProject\ErrorProg\Logical\Libraries\Loupe\logthat\Types.typ"
    LogicalPath="Libraries.Loupe.logthat.Types.typ"
    Type="File"
    LastWriteTime="133432354591493696"
    Private="false" />
  <Object
    Path="C:\Projects\Loupe\ErrorLib\example\AsProject\ErrorProg\Logical\Libraries\Loupe\logthat\Constants.var"
    LogicalPath="Libraries.Loupe.logthat.Constants.var"
    Type="File"
    LastWriteTime="133432354591493696"
    Private="false" />
  <Object
    Path="C:\Projects\Loupe\ErrorLib\example\AsProject\ErrorProg\Logical\Libraries\Loupe\logthat\LogThat.fun"
    LogicalPath="Libraries.Loupe.logthat.LogThat.fun"
    Type="File"
    LastWriteTime="133432354591180622"
    Private="false" />
  <Object
    Path="C:\Projects\Loupe\ErrorLib\example\AsProject\ErrorProg\Logical\Libraries\Loupe\logthat\LogInternalWrite.h"
    LogicalPath="Libraries.Loupe.logthat.LogInternalWrite.h"
    Type="File"
    LastWriteTime="133432354591180622"
    Private="false" />
  <Object
    Path="C:\Projects\Loupe\ErrorLib\example\AsProject\ErrorProg\Logical\Libraries\Loupe\logthat\README.md"
    LogicalPath="Libraries.Loupe.logthat.README.md"
    Type="File"
    LastWriteTime="133432354591493696"
    Private="false" />
  <Object
    Path="C:\Projects\Loupe\ErrorLib\example\AsProject\ErrorProg\Logical\Libraries\Loupe\logthat\LICENSE.md"
    LogicalPath="Libraries.Loupe.logthat.LICENSE.md"
    Type="File"
    LastWriteTime="133432354591339092"
    Private="false" />
  <Object
    Path="C:\Projects\Loupe\ErrorLib\example\AsProject\ErrorProg\Logical\Libraries\Loupe\stringext\Binary.lby"
    LogicalPath="Libraries.Loupe.stringext"
    Type="Library"
    LastWriteTime="133432354591339092" />
  <Object
    Path="C:\Projects\Loupe\ErrorLib\example\AsProject\ErrorProg\Logical\Libraries\Loupe\stringext\RevisionHistory.txt"
    LogicalPath="Libraries.Loupe.stringext.RevisionHistory.txt"
    Type="File"
    LastWriteTime="133432354591493696"
    Private="false" />
  <Object
    Path="C:\Projects\Loupe\ErrorLib\example\AsProject\ErrorProg\Logical\Libraries\Loupe\stringext\LICENSE.txt"
    LogicalPath="Libraries.Loupe.stringext.LICENSE.txt"
    Type="File"
    LastWriteTime="133432354591339092"
    Private="false" />
  <Object
    Path="C:\Projects\Loupe\ErrorLib\example\AsProject\ErrorProg\Logical\Libraries\Loupe\stringext\StringExt.typ"
    LogicalPath="Libraries.Loupe.stringext.StringExt.typ"
    Type="File"
    LastWriteTime="133432354591493696"
    Private="false" />
  <Object
    Path="C:\Projects\Loupe\ErrorLib\example\AsProject\ErrorProg\Logical\Libraries\Loupe\stringext\StringExt.var"
    LogicalPath="Libraries.Loupe.stringext.StringExt.var"
    Type="File"
    LastWriteTime="133432354591650669"
    Private="false" />
  <Object
    Path="C:\Projects\Loupe\ErrorLib\example\AsProject\ErrorProg\Logical\Libraries\Loupe\stringext\StringExt.fun"
    LogicalPath="Libraries.Loupe.stringext.StringExt.fun"
    Type="File"
    LastWriteTime="133432354591180622"
    Private="false" />
  <Object
    Path="C:\Projects\Loupe\ErrorLib\src\Ar\Diagnostics\Package.pkg"
    LogicalPath="Diagnostics"
    Type="Package"
    LastWriteTime="133426320068529318" />
  <Object
    Path="C:\Projects\Loupe\ErrorLib\src\Ar\Diagnostics\Diagnostics.var"
    LogicalPath="Diagnostics.Diagnostics.var"
    Type="File"
    LastWriteTime="133426320068372002"
    Private="false" />
  <Object
    Path="C:\Projects\Loupe\ErrorLib\src\Ar\Diagnostics\ErrorProg\IEC.prg"
    LogicalPath="Diagnostics.ErrorProg"
    Type="Program"
    LastWriteTime="133426320068529318" />
  <Object
    Path="C:\Projects\Loupe\ErrorLib\src\Ar\Diagnostics\ErrorProg\ErrorProgInit.st"
    LogicalPath="Diagnostics.ErrorProg.ErrorProgInit.st"
    Type="File"
    LastWriteTime="133426320068372002"
    Private="false" />
  <Object
    Path="C:\Projects\Loupe\ErrorLib\src\Ar\Diagnostics\ErrorProg\ErrorProgCyclic.st"
    LogicalPath="Diagnostics.ErrorProg.ErrorProgCyclic.st"
    Type="File"
    LastWriteTime="133426320068372002"
    Private="false" />
  <Object
    Path="C:\Projects\Loupe\ErrorLib\src\Ar\Diagnostics\ErrorProg\ErrorProg.typ"
    LogicalPath="Diagnostics.ErrorProg.ErrorProg.typ"
    Type="File"
    LastWriteTime="133426320068529318"
    Private="true" />
  <Object
    Path="C:\Projects\Loupe\ErrorLib\src\Ar\Diagnostics\ErrorProg\ErrorProg.var"
    LogicalPath="Diagnostics.ErrorProg.ErrorProg.var"
    Type="File"
    LastWriteTime="133426320068529318"
    Private="true" />
  <Object
    Path="C:\Projects\Loupe\ErrorLib\src\Ar\Diagnostics\ErrorProg\PiperModuleTemplate.var"
    LogicalPath="Diagnostics.ErrorProg.PiperModuleTemplate.var"
    Type="File"
    LastWriteTime="133426320068529318"
    Private="true" />
  <Object
    Path="C:\Projects\Loupe\ErrorLib\src\Ar\Diagnostics\ErrorProg\PiperModuleInterface.st"
    LogicalPath="Diagnostics.ErrorProg.PiperModuleInterface.st"
    Type="File"
    LastWriteTime="133426320068529318"
    Private="false" />
  <Object
    Path="C:\Projects\Loupe\ErrorLib\example\AsProject\ErrorProg\Physical\Config1\Config.pkg"
    LogicalPath="Config1"
    Type="Configuration.ParentUnknown"
    LastWriteTime="133432342838231598" />
  <Object
    Path="C:\Projects\Loupe\ErrorLib\example\AsProject\ErrorProg\Physical\Config1\Hardware.hw"
    LogicalPath="Config1.Hardware.hw"
    Type="File"
    LastWriteTime="133432342770573358"
    Private="false" />
  <Object
    Path="C:\Projects\Loupe\ErrorLib\example\AsProject\ErrorProg\Physical\Config1\Hardware.hwl"
    LogicalPath="Config1.Hardware.hwl"
    Type="File"
    LastWriteTime="133432343043868018"
    Private="false" />
  <Object
    Path="C:\Projects\Loupe\ErrorLib\example\AsProject\ErrorProg\Physical\Config1\5PC900_TS17_00\Cpu.pkg"
    LogicalPath="Config1.5PC900_TS17_00"
    Type="Cpu"
    LastWriteTime="133432342780104671" />
  <Object
    Path="C:\Projects\Loupe\ErrorLib\example\AsProject\ErrorProg\Physical\Config1\5PC900_TS17_00\Cpu.sw"
    LogicalPath="Config1.5PC900_TS17_00.Cpu.sw"
    Type="File"
    LastWriteTime="133432370980295626"
    Private="false" />
  <Object
    Path="C:\Projects\Loupe\ErrorLib\example\AsProject\ErrorProg\Physical\Config1\5PC900_TS17_00\Cpu.per"
    LogicalPath="Config1.5PC900_TS17_00.Cpu.per"
    Type="File"
    LastWriteTime="133432342777607904"
    Private="false" />
  <Object
    Path="C:\Projects\Loupe\ErrorLib\example\AsProject\ErrorProg\Physical\Config1\5PC900_TS17_00\IoMap.iom"
    LogicalPath="Config1.5PC900_TS17_00.IoMap.iom"
    Type="File"
    LastWriteTime="133432342777607904"
    Private="false" />
  <Object
    Path="C:\Projects\Loupe\ErrorLib\example\AsProject\ErrorProg\Physical\Config1\5PC900_TS17_00\PvMap.vvm"
    LogicalPath="Config1.5PC900_TS17_00.PvMap.vvm"
    Type="File"
    LastWriteTime="133432342777915909"
    Private="false" />
  <Object
    Path="C:\Projects\Loupe\ErrorLib\example\AsProject\ErrorProg\Physical\Config1\5PC900_TS17_00\Connectivity\Package.pkg"
    LogicalPath="Config1.5PC900_TS17_00.Connectivity"
    Type="Package"
    LastWriteTime="133432342778542818" />
  <Object
    Path="C:\Projects\Loupe\ErrorLib\example\AsProject\ErrorProg\Physical\Config1\5PC900_TS17_00\Connectivity\OpcUA\Package.pkg"
    LogicalPath="Config1.5PC900_TS17_00.Connectivity.OpcUA"
    Type="Package"
    LastWriteTime="133432342778542818" />
  <Object
    Path="C:\Projects\Loupe\ErrorLib\example\AsProject\ErrorProg\Physical\Config1\5PC900_TS17_00\TextSystem\Package.pkg"
    LogicalPath="Config1.5PC900_TS17_00.TextSystem"
    Type="Package"
    LastWriteTime="133432342778695632" />
  <Object
    Path="C:\Projects\Loupe\ErrorLib\example\AsProject\ErrorProg\Physical\Config1\5PC900_TS17_00\UnitSystem\Package.pkg"
    LogicalPath="Config1.5PC900_TS17_00.UnitSystem"
    Type="Package"
    LastWriteTime="133432342778855509" />
  <Object
    Path="C:\Projects\Loupe\ErrorLib\example\AsProject\ErrorProg\Physical\Config1\5PC900_TS17_00\AccessAndSecurity\Package.pkg"
    LogicalPath="Config1.5PC900_TS17_00.AccessAndSecurity"
    Type="Package"
    LastWriteTime="133432342779635333" />
  <Object
    Path="C:\Projects\Loupe\ErrorLib\example\AsProject\ErrorProg\Physical\Config1\5PC900_TS17_00\AccessAndSecurity\UserRoleSystem\Package.pkg"
    LogicalPath="Config1.5PC900_TS17_00.AccessAndSecurity.UserRoleSystem"
    Type="Package"
    LastWriteTime="133432342779324023" />
  <Object
    Path="C:\Projects\Loupe\ErrorLib\example\AsProject\ErrorProg\Physical\Config1\5PC900_TS17_00\AccessAndSecurity\UserRoleSystem\Role.role"
    LogicalPath="Config1.5PC900_TS17_00.AccessAndSecurity.UserRoleSystem.Role.role"
    Type="File"
    LastWriteTime="133432342779166181"
    Private="false" />
  <Object
    Path="C:\Projects\Loupe\ErrorLib\example\AsProject\ErrorProg\Physical\Config1\5PC900_TS17_00\AccessAndSecurity\UserRoleSystem\User.user"
    LogicalPath="Config1.5PC900_TS17_00.AccessAndSecurity.UserRoleSystem.User.user"
    Type="File"
    LastWriteTime="133432342779324023"
    Private="false" />
  <Object
    Path="C:\Projects\Loupe\ErrorLib\example\AsProject\ErrorProg\Physical\Config1\5PC900_TS17_00\AccessAndSecurity\CertificateStore\Package.pkg"
    LogicalPath="Config1.5PC900_TS17_00.AccessAndSecurity.CertificateStore"
    Type="Package"
    LastWriteTime="133432342779482017" />
  <Object
    Path="C:\Projects\Loupe\ErrorLib\example\AsProject\ErrorProg\Physical\Config1\5PC900_TS17_00\AccessAndSecurity\CertificateStore\OwnCertificates\Package.pkg"
    LogicalPath="Config1.5PC900_TS17_00.AccessAndSecurity.CertificateStore.OwnCertificates"
    Type="Package"
    LastWriteTime="133432342779324023" />
  <Object
    Path="C:\Projects\Loupe\ErrorLib\example\AsProject\ErrorProg\Physical\Config1\5PC900_TS17_00\AccessAndSecurity\CertificateStore\OwnCertificates\Certificates\Package.pkg"
    LogicalPath="Config1.5PC900_TS17_00.AccessAndSecurity.CertificateStore.OwnCertificates.Certificates"
    Type="Package"
    LastWriteTime="133432342779324023" />
  <Object
    Path="C:\Projects\Loupe\ErrorLib\example\AsProject\ErrorProg\Physical\Config1\5PC900_TS17_00\AccessAndSecurity\CertificateStore\OwnCertificates\PrivateKeys\Package.pkg"
    LogicalPath="Config1.5PC900_TS17_00.AccessAndSecurity.CertificateStore.OwnCertificates.PrivateKeys"
    Type="Package"
    LastWriteTime="133432342779324023" />
  <Object
    Path="C:\Projects\Loupe\ErrorLib\example\AsProject\ErrorProg\Physical\Config1\5PC900_TS17_00\AccessAndSecurity\CertificateStore\ThirdPartyCertificates\Package.pkg"
    LogicalPath="Config1.5PC900_TS17_00.AccessAndSecurity.CertificateStore.ThirdPartyCertificates"
    Type="Package"
    LastWriteTime="133432342779482017" />
  <Object
    Path="C:\Projects\Loupe\ErrorLib\example\AsProject\ErrorProg\Physical\Config1\5PC900_TS17_00\AccessAndSecurity\CertificateStore\ThirdPartyCertificates\SoftwareCertificates\Package.pkg"
    LogicalPath="Config1.5PC900_TS17_00.AccessAndSecurity.CertificateStore.ThirdPartyCertificates.SoftwareCertificates"
    Type="Package"
    LastWriteTime="133432342779482017" />
  <Object
    Path="C:\Projects\Loupe\ErrorLib\example\AsProject\ErrorProg\Physical\Config1\5PC900_TS17_00\AccessAndSecurity\CertificateStore\CertificateRevocationLists\Package.pkg"
    LogicalPath="Config1.5PC900_TS17_00.AccessAndSecurity.CertificateStore.CertificateRevocationLists"
    Type="Package"
    LastWriteTime="133432342779482017" />
  <Object
    Path="C:\Projects\Loupe\ErrorLib\example\AsProject\ErrorProg\Physical\Config1\5PC900_TS17_00\AccessAndSecurity\CertificateStore\CertificateSigningRequests\Package.pkg"
    LogicalPath="Config1.5PC900_TS17_00.AccessAndSecurity.CertificateStore.CertificateSigningRequests"
    Type="Package"
    LastWriteTime="133432342779482017" />
  <Object
    Path="C:\Projects\Loupe\ErrorLib\example\AsProject\ErrorProg\Physical\Config1\5PC900_TS17_00\AccessAndSecurity\TransportLayerSecurity\Package.pkg"
    LogicalPath="Config1.5PC900_TS17_00.AccessAndSecurity.TransportLayerSecurity"
    Type="Package"
    LastWriteTime="133432342779482017" />
  <Object
    Path="C:\Projects\Loupe\ErrorLib\example\AsProject\ErrorProg\Physical\Config1\5PC900_TS17_00\AccessAndSecurity\Firewall\Package.pkg"
    LogicalPath="Config1.5PC900_TS17_00.AccessAndSecurity.Firewall"
    Type="Package"
    LastWriteTime="133432342779635333" />
  <Object
    Path="C:\Projects\Loupe\ErrorLib\example\AsProject\ErrorProg\Physical\Config1\5PC900_TS17_00\AccessAndSecurity\Firewall\Rules.firewallRules"
    LogicalPath="Config1.5PC900_TS17_00.AccessAndSecurity.Firewall.Rules.firewallRules"
    Type="File"
    LastWriteTime="133432342779635333"
    Private="false" />
  <Object
    Path="C:\Projects\Loupe\ErrorLib\example\AsProject\ErrorProg\Physical\Config1\5PC900_TS17_00\mappControl\Package.pkg"
    LogicalPath="Config1.5PC900_TS17_00.mappControl"
    Type="Package"
    LastWriteTime="133432342779635333" />
  <Object
    Path="C:\Projects\Loupe\ErrorLib\example\AsProject\ErrorProg\Physical\Config1\5PC900_TS17_00\mappMotion\Package.pkg"
    LogicalPath="Config1.5PC900_TS17_00.mappMotion"
    Type="Package"
    LastWriteTime="133432342779789889" />
  <Object
    Path="C:\Projects\Loupe\ErrorLib\example\AsProject\ErrorProg\Physical\Config1\5PC900_TS17_00\mappServices\Package.pkg"
    LogicalPath="Config1.5PC900_TS17_00.mappServices"
    Type="Package"
    LastWriteTime="133432342779789889" />
  <Object
    Path="C:\Projects\Loupe\ErrorLib\example\AsProject\ErrorProg\Physical\Config1\5PC900_TS17_00\mappSafety\Package.pkg"
    LogicalPath="Config1.5PC900_TS17_00.mappSafety"
    Type="Package"
    LastWriteTime="133432342779945885" />
  <Object
    Path="C:\Projects\Loupe\ErrorLib\example\AsProject\ErrorProg\Physical\Config1\5PC900_TS17_00\mappSafety\SafeApplication\Package.pkg"
    LogicalPath="Config1.5PC900_TS17_00.mappSafety.SafeApplication"
    Type="Package"
    LastWriteTime="133432342779789889" />
  <Object
    Path="C:\Projects\Loupe\ErrorLib\example\AsProject\ErrorProg\Physical\Config1\5PC900_TS17_00\mappSafety\SafeCommissioning\Package.pkg"
    LogicalPath="Config1.5PC900_TS17_00.mappSafety.SafeCommissioning"
    Type="Package"
    LastWriteTime="133432342779945885" />
  <Object
    Path="C:\Projects\Loupe\ErrorLib\example\AsProject\ErrorProg\Physical\Config1\5PC900_TS17_00\mappView\Package.pkg"
    LogicalPath="Config1.5PC900_TS17_00.mappView"
    Type="Package"
    LastWriteTime="133432342779945885" />
  <Object
    Path="C:\Projects\Loupe\ErrorLib\example\AsProject\ErrorProg\Physical\Config1\5PC900_TS17_00\mappVision\Package.pkg"
    LogicalPath="Config1.5PC900_TS17_00.mappVision"
    Type="Package"
    LastWriteTime="133432342780104671" />
  <Object
    Path="C:\Projects\Loupe\ErrorLib\example\AsProject\ErrorProg\Physical\Config1\5PC900_TS17_00\mappCockpit\Package.pkg"
    LogicalPath="Config1.5PC900_TS17_00.mappCockpit"
    Type="Package"
    LastWriteTime="133432342780104671" />
  <Object
    Path="C:\Projects\Loupe\ErrorLib\example\AsProject\ErrorProg\Physical\Config1\Hardware.jpg"
    LogicalPath="Config1.Hardware.jpg"
    Type="File"
    LastWriteTime="133432343044810594"
    Private="false" />
</Objects>